Copyright 1986-2021 Xilinx, Inc. All Rights Reserved.
------------------------------------------------------------------------------------------------
| Tool Version : Vivado v.2021.2 (win64) Build 3367213 Tue Oct 19 02:48:09 MDT 2021
| Date         : Wed Sep  7 00:53:30 2022
| Host         : DESKTOP-AJV8A0J running 64-bit major release  (build 9200)
| Command      : report_control_sets -verbose -file All_Sensors_wrapper_control_sets_placed.rpt
| Design       : All_Sensors_wrapper
| Device       : xc7z020
------------------------------------------------------------------------------------------------

Control Set Information

Table of Contents
-----------------
1. Summary
2. Histogram
3. Flip-Flop Distribution
4. Detailed Control Set Information

1. Summary
----------

+----------------------------------------------------------+-------+
|                          Status                          | Count |
+----------------------------------------------------------+-------+
| Total control sets                                       |   105 |
|    Minimum number of control sets                        |   105 |
|    Addition due to synthesis replication                 |     0 |
|    Addition due to physical synthesis replication        |     0 |
| Unused register locations in slices containing registers |   363 |
+----------------------------------------------------------+-------+
* Control sets can be merged at opt_design using control_set_merge or merge_equivalent_drivers
** Run report_qor_suggestions for automated merging and remapping suggestions


2. Histogram
------------

+--------------------+-------+
|       Fanout       | Count |
+--------------------+-------+
| Total control sets |   105 |
| >= 0 to < 4        |     6 |
| >= 4 to < 6        |    20 |
| >= 6 to < 8        |     8 |
| >= 8 to < 10       |    15 |
| >= 10 to < 12      |    26 |
| >= 12 to < 14      |     9 |
| >= 14 to < 16      |     2 |
| >= 16              |    19 |
+--------------------+-------+
* Control sets can be remapped at either synth_design or opt_design


3. Flip-Flop Distribution
-------------------------

+--------------+-----------------------+------------------------+-----------------+--------------+
| Clock Enable | Synchronous Set/Reset | Asynchronous Set/Reset | Total Registers | Total Slices |
+--------------+-----------------------+------------------------+-----------------+--------------+
| No           | No                    | No                     |             211 |           68 |
| No           | No                    | Yes                    |               0 |            0 |
| No           | Yes                   | No                     |             257 |           92 |
| Yes          | No                    | No                     |             437 |           94 |
| Yes          | No                    | Yes                    |               0 |            0 |
| Yes          | Yes                   | No                     |             516 |          169 |
+--------------+-----------------------+------------------------+-----------------+--------------+


4. Detailed Control Set Information
-----------------------------------

+----------------------------------------------------+-------------------------------------------------------------------------------------------------------------------------------------------------------------------+----------------------------------------------------------------------------------------------------------------------------------------------------------+------------------+----------------+--------------+
|                    Clock Signal                    |                                                                           Enable Signal                                                                           |                                                                     Set/Reset Signal                                                                     | Slice Load Count | Bel Load Count | Bels / Slice |
+----------------------------------------------------+-------------------------------------------------------------------------------------------------------------------------------------------------------------------+----------------------------------------------------------------------------------------------------------------------------------------------------------+------------------+----------------+--------------+
|  All_Sensors_i/processing_system7_0/inst/FCLK_CLK0 | All_Sensors_i/ps7_0_axi_periph/s00_couplers/auto_pc/inst/gen_axilite.gen_b2s_conv.axilite_b2s/WR.aw_channel_0/aw_cmd_fsm_0/FSM_sequential_state_reg[0]_1          | All_Sensors_i/ps7_0_axi_periph/s00_couplers/auto_pc/inst/gen_axilite.gen_b2s_conv.axilite_b2s/WR.aw_channel_0/aw_cmd_fsm_0/FSM_sequential_state_reg[0]_0 |                1 |              1 |         1.00 |
|  All_Sensors_i/processing_system7_0/inst/FCLK_CLK0 | All_Sensors_i/PmodTMP3_0/inst/axi_iic_0/U0/X_IIC/REG_INTERFACE_I/p_3_in                                                                                           | All_Sensors_i/PmodTMP3_0/inst/axi_iic_0/U0/X_IIC/REG_INTERFACE_I/Tx_fifo_rst                                                                             |                1 |              1 |         1.00 |
|  All_Sensors_i/processing_system7_0/inst/FCLK_CLK0 | All_Sensors_i/PmodAD2_0/inst/axi_iic_0/U0/X_IIC/REG_INTERFACE_I/p_3_in                                                                                            | All_Sensors_i/PmodAD2_0/inst/axi_iic_0/U0/X_IIC/REG_INTERFACE_I/Tx_fifo_rst                                                                              |                1 |              1 |         1.00 |
|  All_Sensors_i/processing_system7_0/inst/FCLK_CLK0 | All_Sensors_i/PmodAD2_0/inst/axi_iic_0/U0/X_IIC/WRITE_FIFO_CTRL_I/CI                                                                                              |                                                                                                                                                          |                1 |              2 |         2.00 |
|  All_Sensors_i/processing_system7_0/inst/FCLK_CLK0 | All_Sensors_i/ps7_0_axi_periph/s00_couplers/auto_pc/inst/gen_axilite.gen_b2s_conv.axilite_b2s/WR.b_channel_0/bid_fifo_0/sel                                       |                                                                                                                                                          |                1 |              2 |         2.00 |
|  All_Sensors_i/processing_system7_0/inst/FCLK_CLK0 | All_Sensors_i/PmodTMP3_0/inst/axi_iic_0/U0/X_IIC/WRITE_FIFO_CTRL_I/CI                                                                                             |                                                                                                                                                          |                1 |              2 |         2.00 |
|  All_Sensors_i/processing_system7_0/inst/FCLK_CLK0 | All_Sensors_i/ps7_0_axi_periph/s00_couplers/auto_pc/inst/gen_axilite.gen_b2s_conv.axilite_b2s/RD.ar_channel_0/ar_cmd_fsm_0/m_axi_arready_2                        | All_Sensors_i/ps7_0_axi_periph/s00_couplers/auto_pc/inst/gen_axilite.gen_b2s_conv.axilite_b2s/RD.ar_channel_0/ar_cmd_fsm_0/FSM_sequential_state_reg[1]_0 |                2 |              4 |         2.00 |
|  All_Sensors_i/processing_system7_0/inst/FCLK_CLK0 |                                                                                                                                                                   | All_Sensors_i/PmodTMP3_0/inst/axi_iic_0/U0/X_IIC/X_AXI_IPIF_SSP1/AXI_LITE_IPIF_I/I_SLAVE_ATTACHMENT/clear                                                |                1 |              4 |         4.00 |
|  All_Sensors_i/processing_system7_0/inst/FCLK_CLK0 | All_Sensors_i/PmodTMP3_0/inst/axi_iic_0/U0/X_IIC/IIC_CONTROL_I/BITCNT/q_int[0]_i_1__0_n_0                                                                         | All_Sensors_i/PmodTMP3_0/inst/axi_iic_0/U0/X_IIC/REG_INTERFACE_I/cr_i_reg[7]_0                                                                           |                1 |              4 |         4.00 |
|  All_Sensors_i/processing_system7_0/inst/FCLK_CLK0 | All_Sensors_i/PmodTMP3_0/inst/axi_iic_0/U0/X_IIC/READ_FIFO_I/Rc_Data_Exists                                                                                       | All_Sensors_i/PmodTMP3_0/inst/axi_iic_0/U0/X_IIC/X_AXI_IPIF_SSP1/X_SOFT_RESET/Bus2IIC_Reset                                                              |                1 |              4 |         4.00 |
|  All_Sensors_i/processing_system7_0/inst/FCLK_CLK0 | All_Sensors_i/PmodTMP3_0/inst/axi_iic_0/U0/X_IIC/X_AXI_IPIF_SSP1/AXI_LITE_IPIF_I/I_SLAVE_ATTACHMENT/I_DECODER/Bus2IIC_WrCE[8]                                     | All_Sensors_i/PmodTMP3_0/inst/axi_iic_0/U0/X_IIC/X_AXI_IPIF_SSP1/X_SOFT_RESET/Bus2IIC_Reset                                                              |                1 |              4 |         4.00 |
|  All_Sensors_i/processing_system7_0/inst/FCLK_CLK0 |                                                                                                                                                                   | All_Sensors_i/PmodAD2_0/inst/axi_iic_0/U0/X_IIC/X_AXI_IPIF_SSP1/AXI_LITE_IPIF_I/I_SLAVE_ATTACHMENT/clear                                                 |                1 |              4 |         4.00 |
|  All_Sensors_i/processing_system7_0/inst/FCLK_CLK0 | All_Sensors_i/PmodAD2_0/inst/axi_iic_0/U0/X_IIC/WRITE_FIFO_CTRL_I/Data_Exists_DFF_0                                                                               | All_Sensors_i/PmodAD2_0/inst/axi_iic_0/U0/X_IIC/REG_INTERFACE_I/Tx_fifo_rst                                                                              |                1 |              4 |         4.00 |
|  All_Sensors_i/processing_system7_0/inst/FCLK_CLK0 | All_Sensors_i/PmodAD2_0/inst/axi_iic_0/U0/X_IIC/READ_FIFO_I/Rc_Data_Exists                                                                                        | All_Sensors_i/PmodAD2_0/inst/axi_iic_0/U0/X_IIC/X_AXI_IPIF_SSP1/X_SOFT_RESET/Bus2IIC_Reset                                                               |                1 |              4 |         4.00 |
|  All_Sensors_i/processing_system7_0/inst/FCLK_CLK0 | All_Sensors_i/PmodAD2_0/inst/axi_iic_0/U0/X_IIC/IIC_CONTROL_I/BITCNT/q_int[0]_i_1__0_n_0                                                                          | All_Sensors_i/PmodAD2_0/inst/axi_iic_0/U0/X_IIC/REG_INTERFACE_I/cr_i_reg[7]_0                                                                            |                1 |              4 |         4.00 |
|  All_Sensors_i/processing_system7_0/inst/FCLK_CLK0 |                                                                                                                                                                   | All_Sensors_i/rst_ps7_0_50M/U0/EXT_LPF/lpf_int                                                                                                           |                2 |              4 |         2.00 |
|  All_Sensors_i/processing_system7_0/inst/FCLK_CLK0 | All_Sensors_i/PmodAD2_0/inst/axi_iic_0/U0/X_IIC/X_AXI_IPIF_SSP1/AXI_LITE_IPIF_I/I_SLAVE_ATTACHMENT/I_DECODER/Bus2IIC_WrCE[8]                                      | All_Sensors_i/PmodAD2_0/inst/axi_iic_0/U0/X_IIC/X_AXI_IPIF_SSP1/X_SOFT_RESET/Bus2IIC_Reset                                                               |                1 |              4 |         4.00 |
|  All_Sensors_i/processing_system7_0/inst/FCLK_CLK0 |                                                                                                                                                                   | All_Sensors_i/ps7_0_axi_periph/s00_couplers/auto_pc/inst/gen_axilite.gen_b2s_conv.axilite_b2s/SI_REG/aw.aw_pipe/aresetn_d_reg[0]_0                       |                1 |              4 |         4.00 |
|  All_Sensors_i/processing_system7_0/inst/FCLK_CLK0 |                                                                                                                                                                   | All_Sensors_i/ps7_0_axi_periph/s00_couplers/auto_pc/inst/gen_axilite.gen_b2s_conv.axilite_b2s/SI_REG/ar.ar_pipe/aresetn_d_reg[1]_inv_0                   |                2 |              4 |         2.00 |
|  All_Sensors_i/processing_system7_0/inst/FCLK_CLK0 | All_Sensors_i/PmodTMP3_0/inst/axi_iic_0/U0/X_IIC/WRITE_FIFO_CTRL_I/Data_Exists_DFF_0                                                                              | All_Sensors_i/PmodTMP3_0/inst/axi_iic_0/U0/X_IIC/REG_INTERFACE_I/Tx_fifo_rst                                                                             |                1 |              4 |         4.00 |
|  All_Sensors_i/processing_system7_0/inst/FCLK_CLK0 | All_Sensors_i/PmodTMP3_0/inst/axi_iic_0/U0/X_IIC/WRITE_FIFO_I/Tx_data_exists_sgl                                                                                  | All_Sensors_i/PmodTMP3_0/inst/axi_iic_0/U0/X_IIC/REG_INTERFACE_I/Tx_fifo_rst                                                                             |                1 |              4 |         4.00 |
|  All_Sensors_i/processing_system7_0/inst/FCLK_CLK0 | All_Sensors_i/PmodAD2_0/inst/axi_iic_0/U0/X_IIC/WRITE_FIFO_I/Tx_data_exists_sgl                                                                                   | All_Sensors_i/PmodAD2_0/inst/axi_iic_0/U0/X_IIC/REG_INTERFACE_I/Tx_fifo_rst                                                                              |                1 |              4 |         4.00 |
|  All_Sensors_i/processing_system7_0/inst/FCLK_CLK0 | All_Sensors_i/ps7_0_axi_periph/s00_couplers/auto_pc/inst/gen_axilite.gen_b2s_conv.axilite_b2s/RD.r_channel_0/rd_data_fifo_0/cnt_read[4]_i_1__0_n_0                | All_Sensors_i/ps7_0_axi_periph/s00_couplers/auto_pc/inst/gen_axilite.gen_b2s_conv.axilite_b2s/areset_d1                                                  |                2 |              5 |         2.50 |
|  All_Sensors_i/processing_system7_0/inst/FCLK_CLK0 | All_Sensors_i/PmodAD2_0/inst/axi_iic_0/U0/X_IIC/X_AXI_IPIF_SSP1/AXI_LITE_IPIF_I/I_SLAVE_ATTACHMENT/I_DECODER/Bus2IIC_WrCE[11]                                     | All_Sensors_i/PmodAD2_0/inst/axi_iic_0/U0/X_IIC/X_AXI_IPIF_SSP1/X_SOFT_RESET/Bus2IIC_Reset                                                               |                1 |              5 |         5.00 |
|  All_Sensors_i/processing_system7_0/inst/FCLK_CLK0 | All_Sensors_i/PmodTMP3_0/inst/axi_iic_0/U0/X_IIC/X_AXI_IPIF_SSP1/AXI_LITE_IPIF_I/I_SLAVE_ATTACHMENT/I_DECODER/Bus2IIC_WrCE[11]                                    | All_Sensors_i/PmodTMP3_0/inst/axi_iic_0/U0/X_IIC/X_AXI_IPIF_SSP1/X_SOFT_RESET/Bus2IIC_Reset                                                              |                1 |              5 |         5.00 |
|  All_Sensors_i/processing_system7_0/inst/FCLK_CLK0 | All_Sensors_i/ps7_0_axi_periph/s00_couplers/auto_pc/inst/gen_axilite.gen_b2s_conv.axilite_b2s/RD.r_channel_0/transaction_fifo_0/cnt_read[4]_i_1_n_0               | All_Sensors_i/ps7_0_axi_periph/s00_couplers/auto_pc/inst/gen_axilite.gen_b2s_conv.axilite_b2s/areset_d1                                                  |                2 |              5 |         2.50 |
|  All_Sensors_i/processing_system7_0/inst/FCLK_CLK0 |                                                                                                                                                                   | All_Sensors_i/PmodTMP3_0/inst/axi_iic_0/U0/X_IIC/REG_INTERFACE_I/Tx_fifo_rst                                                                             |                4 |              6 |         1.50 |
|  All_Sensors_i/processing_system7_0/inst/FCLK_CLK0 |                                                                                                                                                                   | All_Sensors_i/PmodAD2_0/inst/axi_iic_0/U0/X_IIC/X_AXI_IPIF_SSP1/X_SOFT_RESET/AXI_Bus2IP_Reset                                                            |                2 |              6 |         3.00 |
|  All_Sensors_i/processing_system7_0/inst/FCLK_CLK0 |                                                                                                                                                                   | All_Sensors_i/PmodAD2_0/inst/axi_iic_0/U0/X_IIC/REG_INTERFACE_I/Tx_fifo_rst                                                                              |                3 |              6 |         2.00 |
|  All_Sensors_i/processing_system7_0/inst/FCLK_CLK0 | All_Sensors_i/rst_ps7_0_50M/U0/SEQ/seq_cnt_en                                                                                                                     | All_Sensors_i/rst_ps7_0_50M/U0/SEQ/SEQ_COUNTER/clear                                                                                                     |                1 |              6 |         6.00 |
|  All_Sensors_i/processing_system7_0/inst/FCLK_CLK0 | All_Sensors_i/ps7_0_axi_periph/xbar/inst/gen_sasd.crossbar_sasd_0/reg_slice_r/aa_rready                                                                           |                                                                                                                                                          |                2 |              6 |         3.00 |
|  All_Sensors_i/processing_system7_0/inst/FCLK_CLK0 |                                                                                                                                                                   | All_Sensors_i/PmodTMP3_0/inst/axi_iic_0/U0/X_IIC/X_AXI_IPIF_SSP1/X_SOFT_RESET/AXI_Bus2IP_Reset                                                           |                1 |              6 |         6.00 |
|  All_Sensors_i/processing_system7_0/inst/FCLK_CLK0 | All_Sensors_i/PmodTMP3_0/inst/axi_iic_0/U0/X_IIC/X_AXI_IPIF_SSP1/AXI_LITE_IPIF_I/I_SLAVE_ATTACHMENT/I_DECODER/Bus2IIC_WrCE[9]                                     | All_Sensors_i/PmodTMP3_0/inst/axi_iic_0/U0/X_IIC/X_AXI_IPIF_SSP1/X_SOFT_RESET/Bus2IIC_Reset                                                              |                2 |              7 |         3.50 |
|  All_Sensors_i/processing_system7_0/inst/FCLK_CLK0 | All_Sensors_i/PmodAD2_0/inst/axi_iic_0/U0/X_IIC/X_AXI_IPIF_SSP1/AXI_LITE_IPIF_I/I_SLAVE_ATTACHMENT/I_DECODER/Bus2IIC_WrCE[9]                                      | All_Sensors_i/PmodAD2_0/inst/axi_iic_0/U0/X_IIC/X_AXI_IPIF_SSP1/X_SOFT_RESET/Bus2IIC_Reset                                                               |                2 |              7 |         3.50 |
|  All_Sensors_i/processing_system7_0/inst/FCLK_CLK0 | All_Sensors_i/PmodTMP3_0/inst/axi_iic_0/U0/X_IIC/IIC_CONTROL_I/I2CDATA_REG/data_int[7]_i_1_n_0                                                                    | All_Sensors_i/PmodTMP3_0/inst/axi_iic_0/U0/X_IIC/REG_INTERFACE_I/cr_i_reg[7]_0                                                                           |                2 |              8 |         4.00 |
|  All_Sensors_i/processing_system7_0/inst/FCLK_CLK0 | All_Sensors_i/PmodTMP3_0/inst/axi_iic_0/U0/X_IIC/WRITE_FIFO_I/Addr_Counters[0].MUXCY_L_I_i_2__1_n_0                                                               |                                                                                                                                                          |                1 |              8 |         8.00 |
|  All_Sensors_i/processing_system7_0/inst/FCLK_CLK0 | All_Sensors_i/PmodAD2_0/inst/axi_iic_0/U0/X_IIC/IIC_CONTROL_I/data_i2c_i0                                                                                         | All_Sensors_i/PmodAD2_0/inst/axi_iic_0/U0/X_IIC/REG_INTERFACE_I/cr_i_reg[7]_0                                                                            |                1 |              8 |         8.00 |
|  All_Sensors_i/processing_system7_0/inst/FCLK_CLK0 | All_Sensors_i/PmodAD2_0/inst/axi_iic_0/U0/X_IIC/IIC_CONTROL_I/i2c_header_en                                                                                       | All_Sensors_i/PmodAD2_0/inst/axi_iic_0/U0/X_IIC/REG_INTERFACE_I/cr_i_reg[7]_0                                                                            |                2 |              8 |         4.00 |
|  All_Sensors_i/processing_system7_0/inst/FCLK_CLK0 | All_Sensors_i/PmodAD2_0/inst/axi_iic_0/U0/X_IIC/IIC_CONTROL_I/I2CDATA_REG/data_int[7]_i_1_n_0                                                                     | All_Sensors_i/PmodAD2_0/inst/axi_iic_0/U0/X_IIC/REG_INTERFACE_I/cr_i_reg[7]_0                                                                            |                2 |              8 |         4.00 |
|  All_Sensors_i/processing_system7_0/inst/FCLK_CLK0 | All_Sensors_i/PmodAD2_0/inst/axi_iic_0/U0/X_IIC/READ_FIFO_I/CI                                                                                                    |                                                                                                                                                          |                1 |              8 |         8.00 |
|  All_Sensors_i/processing_system7_0/inst/FCLK_CLK0 | All_Sensors_i/PmodTMP3_0/inst/axi_iic_0/U0/X_IIC/DYN_MASTER_I/rdByteCntr[0]_i_1_n_0                                                                               | All_Sensors_i/PmodTMP3_0/inst/axi_iic_0/U0/X_IIC/REG_INTERFACE_I/Tx_fifo_rst                                                                             |                2 |              8 |         4.00 |
|  All_Sensors_i/processing_system7_0/inst/FCLK_CLK0 | All_Sensors_i/PmodAD2_0/inst/axi_iic_0/U0/X_IIC/X_AXI_IPIF_SSP1/AXI_LITE_IPIF_I/I_SLAVE_ATTACHMENT/I_DECODER/E[0]                                                 | All_Sensors_i/PmodAD2_0/inst/axi_iic_0/U0/X_IIC/X_AXI_IPIF_SSP1/X_SOFT_RESET/Bus2IIC_Reset                                                               |                2 |              8 |         4.00 |
|  All_Sensors_i/processing_system7_0/inst/FCLK_CLK0 | All_Sensors_i/PmodAD2_0/inst/axi_iic_0/U0/X_IIC/WRITE_FIFO_I/Addr_Counters[0].MUXCY_L_I_i_2__1_n_0                                                                |                                                                                                                                                          |                1 |              8 |         8.00 |
|  All_Sensors_i/processing_system7_0/inst/FCLK_CLK0 | All_Sensors_i/PmodAD2_0/inst/axi_iic_0/U0/X_IIC/DYN_MASTER_I/rdByteCntr[0]_i_1_n_0                                                                                | All_Sensors_i/PmodAD2_0/inst/axi_iic_0/U0/X_IIC/REG_INTERFACE_I/Tx_fifo_rst                                                                              |                3 |              8 |         2.67 |
|  All_Sensors_i/processing_system7_0/inst/FCLK_CLK0 | All_Sensors_i/PmodTMP3_0/inst/axi_iic_0/U0/X_IIC/IIC_CONTROL_I/i2c_header_en                                                                                      | All_Sensors_i/PmodTMP3_0/inst/axi_iic_0/U0/X_IIC/REG_INTERFACE_I/cr_i_reg[7]_0                                                                           |                2 |              8 |         4.00 |
|  All_Sensors_i/processing_system7_0/inst/FCLK_CLK0 | All_Sensors_i/PmodTMP3_0/inst/axi_iic_0/U0/X_IIC/IIC_CONTROL_I/data_i2c_i0                                                                                        | All_Sensors_i/PmodTMP3_0/inst/axi_iic_0/U0/X_IIC/REG_INTERFACE_I/cr_i_reg[7]_0                                                                           |                1 |              8 |         8.00 |
|  All_Sensors_i/processing_system7_0/inst/FCLK_CLK0 | All_Sensors_i/ps7_0_axi_periph/s00_couplers/auto_pc/inst/gen_axilite.gen_b2s_conv.axilite_b2s/WR.b_channel_0/mhandshake_r                                         | All_Sensors_i/ps7_0_axi_periph/s00_couplers/auto_pc/inst/gen_axilite.gen_b2s_conv.axilite_b2s/WR.b_channel_0/bid_fifo_0/SR[0]                            |                3 |              8 |         2.67 |
|  All_Sensors_i/processing_system7_0/inst/FCLK_CLK0 | All_Sensors_i/PmodTMP3_0/inst/axi_iic_0/U0/X_IIC/X_AXI_IPIF_SSP1/AXI_LITE_IPIF_I/I_SLAVE_ATTACHMENT/I_DECODER/E[0]                                                | All_Sensors_i/PmodTMP3_0/inst/axi_iic_0/U0/X_IIC/X_AXI_IPIF_SSP1/X_SOFT_RESET/Bus2IIC_Reset                                                              |                2 |              8 |         4.00 |
|  All_Sensors_i/processing_system7_0/inst/FCLK_CLK0 | All_Sensors_i/PmodTMP3_0/inst/axi_iic_0/U0/X_IIC/READ_FIFO_I/CI                                                                                                   |                                                                                                                                                          |                1 |              8 |         8.00 |
|  All_Sensors_i/processing_system7_0/inst/FCLK_CLK0 | All_Sensors_i/PmodAD2_0/inst/axi_iic_0/U0/X_IIC/IIC_CONTROL_I/CLKCNT/q_int[0]_i_1__1_n_0                                                                          | All_Sensors_i/PmodAD2_0/inst/axi_iic_0/U0/X_IIC/REG_INTERFACE_I/cr_i_reg[7]_0                                                                            |                5 |             10 |         2.00 |
|  All_Sensors_i/processing_system7_0/inst/FCLK_CLK0 | All_Sensors_i/PmodAD2_0/inst/axi_iic_0/U0/X_IIC/IIC_CONTROL_I/SETUP_CNT/q_int[0]_i_1_n_0                                                                          | All_Sensors_i/PmodAD2_0/inst/axi_iic_0/U0/X_IIC/REG_INTERFACE_I/cr_i_reg[7]_0                                                                            |                2 |             10 |         5.00 |
|  All_Sensors_i/processing_system7_0/inst/FCLK_CLK0 | All_Sensors_i/PmodAD2_0/inst/axi_iic_0/U0/X_IIC/IIC_CONTROL_I/FSM_onehot_scl_state[9]_i_2_n_0                                                                     | All_Sensors_i/PmodAD2_0/inst/axi_iic_0/U0/X_IIC/REG_INTERFACE_I/cr_i_reg[7]_0                                                                            |                5 |             10 |         2.00 |
|  All_Sensors_i/processing_system7_0/inst/FCLK_CLK0 | All_Sensors_i/PmodAD2_0/inst/axi_iic_0/U0/X_IIC/X_AXI_IPIF_SSP1/AXI_LITE_IPIF_I/I_SLAVE_ATTACHMENT/I_DECODER/Bus2IIC_WrCE[0]                                      | All_Sensors_i/PmodAD2_0/inst/axi_iic_0/U0/X_IIC/X_AXI_IPIF_SSP1/X_SOFT_RESET/Bus2IIC_Reset                                                               |                5 |             10 |         2.00 |
|  All_Sensors_i/processing_system7_0/inst/FCLK_CLK0 | All_Sensors_i/PmodAD2_0/inst/axi_iic_0/U0/X_IIC/X_AXI_IPIF_SSP1/AXI_LITE_IPIF_I/I_SLAVE_ATTACHMENT/I_DECODER/Bus2IIC_WrCE[1]                                      | All_Sensors_i/PmodAD2_0/inst/axi_iic_0/U0/X_IIC/X_AXI_IPIF_SSP1/X_SOFT_RESET/Bus2IIC_Reset                                                               |                4 |             10 |         2.50 |
|  All_Sensors_i/processing_system7_0/inst/FCLK_CLK0 | All_Sensors_i/PmodAD2_0/inst/axi_iic_0/U0/X_IIC/X_AXI_IPIF_SSP1/AXI_LITE_IPIF_I/I_SLAVE_ATTACHMENT/I_DECODER/Bus2IIC_WrCE[2]                                      | All_Sensors_i/PmodAD2_0/inst/axi_iic_0/U0/X_IIC/X_AXI_IPIF_SSP1/X_SOFT_RESET/Bus2IIC_Reset                                                               |                5 |             10 |         2.00 |
|  All_Sensors_i/processing_system7_0/inst/FCLK_CLK0 | All_Sensors_i/PmodAD2_0/inst/axi_iic_0/U0/X_IIC/X_AXI_IPIF_SSP1/AXI_LITE_IPIF_I/I_SLAVE_ATTACHMENT/I_DECODER/Bus2IIC_WrCE[3]                                      | All_Sensors_i/PmodAD2_0/inst/axi_iic_0/U0/X_IIC/X_AXI_IPIF_SSP1/X_SOFT_RESET/Bus2IIC_Reset                                                               |                3 |             10 |         3.33 |
|  All_Sensors_i/processing_system7_0/inst/FCLK_CLK0 | All_Sensors_i/PmodAD2_0/inst/axi_iic_0/U0/X_IIC/X_AXI_IPIF_SSP1/AXI_LITE_IPIF_I/I_SLAVE_ATTACHMENT/I_DECODER/Bus2IIC_WrCE[4]                                      | All_Sensors_i/PmodAD2_0/inst/axi_iic_0/U0/X_IIC/X_AXI_IPIF_SSP1/X_SOFT_RESET/Bus2IIC_Reset                                                               |                3 |             10 |         3.33 |
|  All_Sensors_i/processing_system7_0/inst/FCLK_CLK0 | All_Sensors_i/PmodAD2_0/inst/axi_iic_0/U0/X_IIC/X_AXI_IPIF_SSP1/AXI_LITE_IPIF_I/I_SLAVE_ATTACHMENT/I_DECODER/Bus2IIC_WrCE[5]                                      | All_Sensors_i/PmodAD2_0/inst/axi_iic_0/U0/X_IIC/X_AXI_IPIF_SSP1/X_SOFT_RESET/Bus2IIC_Reset                                                               |                2 |             10 |         5.00 |
|  All_Sensors_i/processing_system7_0/inst/FCLK_CLK0 | All_Sensors_i/PmodAD2_0/inst/axi_iic_0/U0/X_IIC/X_AXI_IPIF_SSP1/AXI_LITE_IPIF_I/I_SLAVE_ATTACHMENT/I_DECODER/Bus2IIC_WrCE[7]                                      | All_Sensors_i/PmodAD2_0/inst/axi_iic_0/U0/X_IIC/X_AXI_IPIF_SSP1/X_SOFT_RESET/Bus2IIC_Reset                                                               |                3 |             10 |         3.33 |
|  All_Sensors_i/processing_system7_0/inst/FCLK_CLK0 | All_Sensors_i/PmodAD2_0/inst/axi_iic_0/U0/X_IIC/X_AXI_IPIF_SSP1/AXI_LITE_IPIF_I/I_SLAVE_ATTACHMENT/I_DECODER/Bus2IIC_WrCE[6]                                      | All_Sensors_i/PmodAD2_0/inst/axi_iic_0/U0/X_IIC/X_AXI_IPIF_SSP1/X_SOFT_RESET/Bus2IIC_Reset                                                               |                4 |             10 |         2.50 |
|  All_Sensors_i/processing_system7_0/inst/FCLK_CLK0 | All_Sensors_i/PmodAD2_0/inst/axi_iic_0/U0/X_IIC/X_AXI_IPIF_SSP1/AXI_LITE_IPIF_I/I_SLAVE_ATTACHMENT/bus2ip_addr_i[8]_i_1_n_0                                       | All_Sensors_i/PmodAD2_0/inst/axi_iic_0/U0/X_IIC/X_AXI_IPIF_SSP1/AXI_LITE_IPIF_I/I_SLAVE_ATTACHMENT/rst                                                   |                2 |             10 |         5.00 |
|  All_Sensors_i/processing_system7_0/inst/FCLK_CLK0 | All_Sensors_i/PmodTMP3_0/inst/axi_iic_0/U0/X_IIC/IIC_CONTROL_I/CLKCNT/q_int[0]_i_1__1_n_0                                                                         | All_Sensors_i/PmodTMP3_0/inst/axi_iic_0/U0/X_IIC/REG_INTERFACE_I/cr_i_reg[7]_0                                                                           |                5 |             10 |         2.00 |
|  All_Sensors_i/processing_system7_0/inst/FCLK_CLK0 | All_Sensors_i/PmodTMP3_0/inst/axi_iic_0/U0/X_IIC/IIC_CONTROL_I/SETUP_CNT/q_int[0]_i_1_n_0                                                                         | All_Sensors_i/PmodTMP3_0/inst/axi_iic_0/U0/X_IIC/REG_INTERFACE_I/cr_i_reg[7]_0                                                                           |                2 |             10 |         5.00 |
|  All_Sensors_i/processing_system7_0/inst/FCLK_CLK0 | All_Sensors_i/PmodTMP3_0/inst/axi_iic_0/U0/X_IIC/IIC_CONTROL_I/FSM_onehot_scl_state[9]_i_2_n_0                                                                    | All_Sensors_i/PmodTMP3_0/inst/axi_iic_0/U0/X_IIC/REG_INTERFACE_I/cr_i_reg[7]_0                                                                           |                6 |             10 |         1.67 |
|  All_Sensors_i/processing_system7_0/inst/FCLK_CLK0 |                                                                                                                                                                   | All_Sensors_i/ps7_0_axi_periph/s00_couplers/auto_pc/inst/gen_axilite.gen_b2s_conv.axilite_b2s/areset_d1                                                  |                6 |             10 |         1.67 |
|  All_Sensors_i/processing_system7_0/inst/FCLK_CLK0 | All_Sensors_i/PmodTMP3_0/inst/axi_iic_0/U0/X_IIC/X_AXI_IPIF_SSP1/AXI_LITE_IPIF_I/I_SLAVE_ATTACHMENT/I_DECODER/Bus2IIC_WrCE[6]                                     | All_Sensors_i/PmodTMP3_0/inst/axi_iic_0/U0/X_IIC/X_AXI_IPIF_SSP1/X_SOFT_RESET/Bus2IIC_Reset                                                              |                3 |             10 |         3.33 |
|  All_Sensors_i/processing_system7_0/inst/FCLK_CLK0 | All_Sensors_i/PmodTMP3_0/inst/axi_iic_0/U0/X_IIC/X_AXI_IPIF_SSP1/AXI_LITE_IPIF_I/I_SLAVE_ATTACHMENT/I_DECODER/Bus2IIC_WrCE[1]                                     | All_Sensors_i/PmodTMP3_0/inst/axi_iic_0/U0/X_IIC/X_AXI_IPIF_SSP1/X_SOFT_RESET/Bus2IIC_Reset                                                              |                3 |             10 |         3.33 |
|  All_Sensors_i/processing_system7_0/inst/FCLK_CLK0 | All_Sensors_i/PmodTMP3_0/inst/axi_iic_0/U0/X_IIC/X_AXI_IPIF_SSP1/AXI_LITE_IPIF_I/I_SLAVE_ATTACHMENT/I_DECODER/Bus2IIC_WrCE[4]                                     | All_Sensors_i/PmodTMP3_0/inst/axi_iic_0/U0/X_IIC/X_AXI_IPIF_SSP1/X_SOFT_RESET/Bus2IIC_Reset                                                              |                5 |             10 |         2.00 |
|  All_Sensors_i/processing_system7_0/inst/FCLK_CLK0 | All_Sensors_i/PmodTMP3_0/inst/axi_iic_0/U0/X_IIC/X_AXI_IPIF_SSP1/AXI_LITE_IPIF_I/I_SLAVE_ATTACHMENT/I_DECODER/Bus2IIC_WrCE[7]                                     | All_Sensors_i/PmodTMP3_0/inst/axi_iic_0/U0/X_IIC/X_AXI_IPIF_SSP1/X_SOFT_RESET/Bus2IIC_Reset                                                              |                3 |             10 |         3.33 |
|  All_Sensors_i/processing_system7_0/inst/FCLK_CLK0 | All_Sensors_i/PmodTMP3_0/inst/axi_iic_0/U0/X_IIC/X_AXI_IPIF_SSP1/AXI_LITE_IPIF_I/I_SLAVE_ATTACHMENT/I_DECODER/Bus2IIC_WrCE[0]                                     | All_Sensors_i/PmodTMP3_0/inst/axi_iic_0/U0/X_IIC/X_AXI_IPIF_SSP1/X_SOFT_RESET/Bus2IIC_Reset                                                              |                5 |             10 |         2.00 |
|  All_Sensors_i/processing_system7_0/inst/FCLK_CLK0 | All_Sensors_i/PmodTMP3_0/inst/axi_iic_0/U0/X_IIC/X_AXI_IPIF_SSP1/AXI_LITE_IPIF_I/I_SLAVE_ATTACHMENT/I_DECODER/Bus2IIC_WrCE[3]                                     | All_Sensors_i/PmodTMP3_0/inst/axi_iic_0/U0/X_IIC/X_AXI_IPIF_SSP1/X_SOFT_RESET/Bus2IIC_Reset                                                              |                3 |             10 |         3.33 |
|  All_Sensors_i/processing_system7_0/inst/FCLK_CLK0 | All_Sensors_i/PmodTMP3_0/inst/axi_iic_0/U0/X_IIC/X_AXI_IPIF_SSP1/AXI_LITE_IPIF_I/I_SLAVE_ATTACHMENT/I_DECODER/Bus2IIC_WrCE[2]                                     | All_Sensors_i/PmodTMP3_0/inst/axi_iic_0/U0/X_IIC/X_AXI_IPIF_SSP1/X_SOFT_RESET/Bus2IIC_Reset                                                              |                4 |             10 |         2.50 |
|  All_Sensors_i/processing_system7_0/inst/FCLK_CLK0 | All_Sensors_i/PmodTMP3_0/inst/axi_iic_0/U0/X_IIC/X_AXI_IPIF_SSP1/AXI_LITE_IPIF_I/I_SLAVE_ATTACHMENT/I_DECODER/Bus2IIC_WrCE[5]                                     | All_Sensors_i/PmodTMP3_0/inst/axi_iic_0/U0/X_IIC/X_AXI_IPIF_SSP1/X_SOFT_RESET/Bus2IIC_Reset                                                              |                2 |             10 |         5.00 |
|  All_Sensors_i/processing_system7_0/inst/FCLK_CLK0 | All_Sensors_i/PmodTMP3_0/inst/axi_iic_0/U0/X_IIC/X_AXI_IPIF_SSP1/AXI_LITE_IPIF_I/I_SLAVE_ATTACHMENT/bus2ip_addr_i[8]_i_1_n_0                                      | All_Sensors_i/PmodTMP3_0/inst/axi_iic_0/U0/X_IIC/X_AXI_IPIF_SSP1/AXI_LITE_IPIF_I/I_SLAVE_ATTACHMENT/rst                                                  |                2 |             10 |         5.00 |
|  All_Sensors_i/processing_system7_0/inst/FCLK_CLK0 |                                                                                                                                                                   | All_Sensors_i/ps7_0_axi_periph/xbar/inst/gen_sasd.crossbar_sasd_0/addr_arbiter_inst/SR[0]                                                                |                5 |             11 |         2.20 |
|  All_Sensors_i/processing_system7_0/inst/FCLK_CLK0 |                                                                                                                                                                   | All_Sensors_i/PmodTMP3_0/inst/axi_iic_0/U0/X_IIC/X_AXI_IPIF_SSP1/AXI_LITE_IPIF_I/I_SLAVE_ATTACHMENT/rst                                                  |                4 |             12 |         3.00 |
|  All_Sensors_i/processing_system7_0/inst/FCLK_CLK0 | All_Sensors_i/PmodTMP3_0/inst/axi_iic_0/U0/X_IIC/X_AXI_IPIF_SSP1/AXI_LITE_IPIF_I/I_SLAVE_ATTACHMENT/s_axi_rresp_i                                                 | All_Sensors_i/PmodTMP3_0/inst/axi_iic_0/U0/X_IIC/X_AXI_IPIF_SSP1/AXI_LITE_IPIF_I/I_SLAVE_ATTACHMENT/rst                                                  |                5 |             12 |         2.40 |
|  All_Sensors_i/processing_system7_0/inst/FCLK_CLK0 | All_Sensors_i/PmodAD2_0/inst/axi_iic_0/U0/X_IIC/X_AXI_IPIF_SSP1/AXI_LITE_IPIF_I/I_SLAVE_ATTACHMENT/s_axi_rresp_i                                                  | All_Sensors_i/PmodAD2_0/inst/axi_iic_0/U0/X_IIC/X_AXI_IPIF_SSP1/AXI_LITE_IPIF_I/I_SLAVE_ATTACHMENT/rst                                                   |                4 |             12 |         3.00 |
|  All_Sensors_i/processing_system7_0/inst/FCLK_CLK0 | All_Sensors_i/ps7_0_axi_periph/s00_couplers/auto_pc/inst/gen_axilite.gen_b2s_conv.axilite_b2s/WR.aw_channel_0/aw_cmd_fsm_0/m_valid_i_reg[0]                       |                                                                                                                                                          |                5 |             12 |         2.40 |
|  All_Sensors_i/processing_system7_0/inst/FCLK_CLK0 | All_Sensors_i/ps7_0_axi_periph/s00_couplers/auto_pc/inst/gen_axilite.gen_b2s_conv.axilite_b2s/RD.ar_channel_0/ar_cmd_fsm_0/E[0]                                   |                                                                                                                                                          |                4 |             12 |         3.00 |
|  All_Sensors_i/processing_system7_0/inst/FCLK_CLK0 | All_Sensors_i/ps7_0_axi_periph/s00_couplers/auto_pc/inst/gen_axilite.gen_b2s_conv.axilite_b2s/RD.ar_channel_0/ar_cmd_fsm_0/sel_first_reg[0]                       |                                                                                                                                                          |                3 |             12 |         4.00 |
|  All_Sensors_i/processing_system7_0/inst/FCLK_CLK0 | All_Sensors_i/ps7_0_axi_periph/s00_couplers/auto_pc/inst/gen_axilite.gen_b2s_conv.axilite_b2s/WR.aw_channel_0/cmd_translator_0/incr_cmd_0/axaddr_incr[11]_i_1_n_0 |                                                                                                                                                          |                3 |             12 |         4.00 |
|  All_Sensors_i/processing_system7_0/inst/FCLK_CLK0 |                                                                                                                                                                   | All_Sensors_i/PmodAD2_0/inst/axi_iic_0/U0/X_IIC/X_AXI_IPIF_SSP1/AXI_LITE_IPIF_I/I_SLAVE_ATTACHMENT/rst                                                   |                6 |             12 |         2.00 |
|  All_Sensors_i/processing_system7_0/inst/FCLK_CLK0 | All_Sensors_i/ps7_0_axi_periph/s00_couplers/auto_pc/inst/gen_axilite.gen_b2s_conv.axilite_b2s/RD.r_channel_0/r_push_r                                             |                                                                                                                                                          |                4 |             13 |         3.25 |
|  All_Sensors_i/processing_system7_0/inst/FCLK_CLK0 | All_Sensors_i/ps7_0_axi_periph/s00_couplers/auto_pc/inst/gen_axilite.gen_b2s_conv.axilite_b2s/SI_REG/b.b_pipe/p_1_in                                              |                                                                                                                                                          |                2 |             14 |         7.00 |
|  All_Sensors_i/processing_system7_0/inst/FCLK_CLK0 | All_Sensors_i/ps7_0_axi_periph/s00_couplers/auto_pc/inst/gen_axilite.gen_b2s_conv.axilite_b2s/SI_REG/b.b_pipe/s_ready_i_reg_0                                     |                                                                                                                                                          |                2 |             14 |         7.00 |
|  All_Sensors_i/processing_system7_0/inst/FCLK_CLK0 | All_Sensors_i/ps7_0_axi_periph/s00_couplers/auto_pc/inst/gen_axilite.gen_b2s_conv.axilite_b2s/WR.aw_channel_0/aw_cmd_fsm_0/m_axi_awready_0                        |                                                                                                                                                          |                3 |             16 |         5.33 |
|  All_Sensors_i/processing_system7_0/inst/FCLK_CLK0 | All_Sensors_i/ps7_0_axi_periph/s00_couplers/auto_pc/inst/gen_axilite.gen_b2s_conv.axilite_b2s/RD.ar_channel_0/ar_cmd_fsm_0/m_axi_arready_2                        |                                                                                                                                                          |                8 |             21 |         2.62 |
|  All_Sensors_i/processing_system7_0/inst/FCLK_CLK0 | All_Sensors_i/PmodTMP3_0/inst/axi_iic_0/U0/X_IIC/X_AXI_IPIF_SSP1/AXI_LITE_IPIF_I/I_SLAVE_ATTACHMENT/start2                                                        | All_Sensors_i/PmodTMP3_0/inst/axi_iic_0/U0/X_IIC/X_AXI_IPIF_SSP1/AXI_LITE_IPIF_I/I_SLAVE_ATTACHMENT/I_DECODER/MEM_DECODE_GEN[0].cs_out_i_reg0            |                7 |             24 |         3.43 |
|  All_Sensors_i/processing_system7_0/inst/FCLK_CLK0 | All_Sensors_i/PmodAD2_0/inst/axi_iic_0/U0/X_IIC/X_AXI_IPIF_SSP1/AXI_LITE_IPIF_I/I_SLAVE_ATTACHMENT/start2                                                         | All_Sensors_i/PmodAD2_0/inst/axi_iic_0/U0/X_IIC/X_AXI_IPIF_SSP1/AXI_LITE_IPIF_I/I_SLAVE_ATTACHMENT/I_DECODER/MEM_DECODE_GEN[0].cs_out_i_reg0             |                8 |             24 |         3.00 |
|  All_Sensors_i/processing_system7_0/inst/FCLK_CLK0 | All_Sensors_i/ps7_0_axi_periph/s00_couplers/auto_pc/inst/gen_axilite.gen_b2s_conv.axilite_b2s/WR.aw_channel_0/aw_cmd_fsm_0/FSM_sequential_state_reg[0]_1          |                                                                                                                                                          |                8 |             24 |         3.00 |
|  All_Sensors_i/processing_system7_0/inst/FCLK_CLK0 | All_Sensors_i/ps7_0_axi_periph/s00_couplers/auto_pc/inst/gen_axilite.gen_b2s_conv.axilite_b2s/RD.r_channel_0/rd_data_fifo_0/wr_en0                                |                                                                                                                                                          |                7 |             25 |         3.57 |
|  All_Sensors_i/processing_system7_0/inst/FCLK_CLK0 | All_Sensors_i/ps7_0_axi_periph/xbar/inst/gen_sasd.crossbar_sasd_0/addr_arbiter_inst/E[0]                                                                          |                                                                                                                                                          |                8 |             26 |         3.25 |
|  All_Sensors_i/processing_system7_0/inst/FCLK_CLK0 | All_Sensors_i/ps7_0_axi_periph/xbar/inst/gen_sasd.crossbar_sasd_0/addr_arbiter_inst/p_0_in1_in                                                                    | All_Sensors_i/ps7_0_axi_periph/xbar/inst/gen_sasd.crossbar_sasd_0/addr_arbiter_inst/SR[0]                                                                |               11 |             29 |         2.64 |
|  All_Sensors_i/processing_system7_0/inst/FCLK_CLK0 | All_Sensors_i/ps7_0_axi_periph/s00_couplers/auto_pc/inst/gen_axilite.gen_b2s_conv.axilite_b2s/SI_REG/r.r_pipe/s_ready_i_reg_0                                     |                                                                                                                                                          |                6 |             38 |         6.33 |
|  All_Sensors_i/processing_system7_0/inst/FCLK_CLK0 | All_Sensors_i/ps7_0_axi_periph/s00_couplers/auto_pc/inst/gen_axilite.gen_b2s_conv.axilite_b2s/SI_REG/r.r_pipe/p_1_in                                              |                                                                                                                                                          |                6 |             38 |         6.33 |
|  All_Sensors_i/processing_system7_0/inst/FCLK_CLK0 |                                                                                                                                                                   | All_Sensors_i/PmodAD2_0/inst/axi_iic_0/U0/X_IIC/REG_INTERFACE_I/cr_i_reg[7]_0                                                                            |               13 |             41 |         3.15 |
|  All_Sensors_i/processing_system7_0/inst/FCLK_CLK0 |                                                                                                                                                                   | All_Sensors_i/PmodTMP3_0/inst/axi_iic_0/U0/X_IIC/REG_INTERFACE_I/cr_i_reg[7]_0                                                                           |               12 |             41 |         3.42 |
|  All_Sensors_i/processing_system7_0/inst/FCLK_CLK0 |                                                                                                                                                                   | All_Sensors_i/PmodAD2_0/inst/axi_iic_0/U0/X_IIC/X_AXI_IPIF_SSP1/X_SOFT_RESET/Bus2IIC_Reset                                                               |               15 |             43 |         2.87 |
|  All_Sensors_i/processing_system7_0/inst/FCLK_CLK0 |                                                                                                                                                                   | All_Sensors_i/PmodTMP3_0/inst/axi_iic_0/U0/X_IIC/X_AXI_IPIF_SSP1/X_SOFT_RESET/Bus2IIC_Reset                                                              |               14 |             43 |         3.07 |
|  All_Sensors_i/processing_system7_0/inst/FCLK_CLK0 | All_Sensors_i/ps7_0_axi_periph/s00_couplers/auto_pc/inst/gen_axilite.gen_b2s_conv.axilite_b2s/SI_REG/ar.ar_pipe/s_ready_i_reg_0                                   |                                                                                                                                                          |                9 |             52 |         5.78 |
|  All_Sensors_i/processing_system7_0/inst/FCLK_CLK0 | All_Sensors_i/ps7_0_axi_periph/s00_couplers/auto_pc/inst/gen_axilite.gen_b2s_conv.axilite_b2s/WR.aw_channel_0/aw_cmd_fsm_0/E[0]                                   |                                                                                                                                                          |               10 |             52 |         5.20 |
|  All_Sensors_i/processing_system7_0/inst/FCLK_CLK0 | All_Sensors_i/ps7_0_axi_periph/s00_couplers/auto_pc/inst/gen_axilite.gen_b2s_conv.axilite_b2s/RD.ar_channel_0/ar_cmd_fsm_0/m_valid_i_reg[0]                       |                                                                                                                                                          |                9 |             52 |         5.78 |
|  All_Sensors_i/processing_system7_0/inst/FCLK_CLK0 | All_Sensors_i/ps7_0_axi_periph/s00_couplers/auto_pc/inst/gen_axilite.gen_b2s_conv.axilite_b2s/SI_REG/aw.aw_pipe/s_ready_i_reg_0                                   |                                                                                                                                                          |                9 |             52 |         5.78 |
|  All_Sensors_i/processing_system7_0/inst/FCLK_CLK0 |                                                                                                                                                                   |                                                                                                                                                          |               69 |            212 |         3.07 |
+----------------------------------------------------+-------------------------------------------------------------------------------------------------------------------------------------------------------------------+----------------------------------------------------------------------------------------------------------------------------------------------------------+------------------+----------------+--------------+


